<?xml version="1.0" encoding="UTF-8"?>
<!-- Generated by org.testng.reporters.JUnitReportReporter -->
<testsuite skipped="2" hostname="gonens-MacBook-2.local" name="com.qa.verizon.tests.SmartphonesPageTest" tests="2" failures="0" timestamp="2020-07-30T14:14:25 EDT" time="0.000" errors="0">
  <testcase name="Test1" time="0.000" classname="com.qa.verizon.tests.SmartphonesPageTest">
    <skipped/>
  </testcase> <!-- Test1 -->
  <system-out/>
  <testcase name="Test2" time="0.000" classname="com.qa.verizon.tests.SmartphonesPageTest">
    <skipped/>
  </testcase> <!-- Test2 -->
  <system-out/>
</testsuite> <!-- com.qa.verizon.tests.SmartphonesPageTest -->
