<?xml version="1.0" encoding="UTF-8"?>
<!-- Generated by org.testng.reporters.JUnitReportReporter -->
<testsuite skipped="1" hostname="gonens-MacBook-2.local" name="com.qa.verizon.tests.CartPageTest" tests="1" failures="0" timestamp="2020-07-30T14:14:25 EDT" time="0.000" errors="0">
  <testcase name="Test" time="0.000" classname="com.qa.verizon.tests.CartPageTest">
    <skipped/>
  </testcase> <!-- Test -->
  <system-out/>
</testsuite> <!-- com.qa.verizon.tests.CartPageTest -->
